{"level":"info","message":"Server is running on port 3001","service":"user-service"}
{"level":"info","message":"Server is running on port 3001","service":"user-service"}
{"level":"info","message":"A client connected","service":"user-service"}
{"level":"info","message":"A client disconnected","service":"user-service"}
{"level":"info","message":"A client connected","service":"user-service"}
{"level":"info","message":"A client disconnected","service":"user-service"}
{"level":"info","message":"Server is running on port 3001","service":"user-service"}
{"level":"info","message":"A client connected","service":"user-service"}
{"level":"info","message":"A client connected","service":"user-service"}
{"level":"info","message":"A client disconnected","service":"user-service"}
{"level":"info","message":"A client disconnected","service":"user-service"}
{"level":"info","message":"A client connected","service":"user-service"}
{"level":"info","message":"A client connected","service":"user-service"}
{"level":"info","message":"Received message:","service":"user-service"}
{"level":"info","message":"A client connected","service":"user-service"}
{"level":"info","message":"Received message:","service":"user-service"}
{"level":"info","message":"A client disconnected","service":"user-service"}
{"level":"info","message":"A client disconnected","service":"user-service"}
{"level":"info","message":"A client disconnected","service":"user-service"}
{"level":"info","message":"Server is running on port 3001","service":"user-service"}
{"level":"info","message":"A client connected","service":"user-service"}
{"level":"info","message":"A client disconnected","service":"user-service"}
{"level":"info","message":"A client connected","service":"user-service"}
{"level":"info","message":"A client disconnected","service":"user-service"}
{"level":"info","message":"A client connected","service":"user-service"}
{"level":"info","message":"A client disconnected","service":"user-service"}
{"level":"info","message":"A client connected","service":"user-service"}
{"level":"info","message":"A client disconnected","service":"user-service"}
{"level":"info","message":"A client connected","service":"user-service"}
{"level":"info","message":"A client disconnected","service":"user-service"}
{"level":"info","message":"A client connected","service":"user-service"}
{"level":"info","message":"A client disconnected","service":"user-service"}
{"level":"info","message":"A client connected","service":"user-service"}
{"level":"info","message":"A client disconnected","service":"user-service"}
{"level":"info","message":"A client connected","service":"user-service"}
{"level":"info","message":"Received message:","service":"user-service"}
{"level":"info","message":"Received message:","service":"user-service"}
{"level":"info","message":"A client disconnected","service":"user-service"}
{"level":"info","message":"A client connected","service":"user-service"}
{"level":"info","message":"A client disconnected","service":"user-service"}
{"level":"info","message":"A client connected","service":"user-service"}
{"level":"info","message":"A client disconnected","service":"user-service"}
{"level":"info","message":"A client connected","service":"user-service"}
{"level":"info","message":"A client disconnected","service":"user-service"}
{"level":"info","message":"A client connected","service":"user-service"}
{"level":"info","message":"A client disconnected","service":"user-service"}
{"level":"info","message":"Server is running on port 3001","service":"user-service"}
{"level":"info","message":"A client connected","service":"user-service"}
{"level":"info","message":"A client disconnected","service":"user-service"}
{"level":"info","message":"Server is running on port 3001","service":"user-service"}
{"level":"info","message":"A client connected","service":"user-service"}
{"level":"info","message":"Received message:","service":"user-service"}
{"level":"info","message":"Received message:","service":"user-service"}
{"level":"info","message":"Received message:","service":"user-service"}
{"level":"info","message":"Received message:","service":"user-service"}
{"level":"info","message":"A client disconnected","service":"user-service"}
{"level":"info","message":"Server is running on port 3001","service":"user-service"}
{"level":"info","message":"A client connected","service":"user-service"}
{"level":"info","message":"Received message:","service":"user-service"}
{"level":"info","message":"Received message:","service":"user-service"}
{"level":"info","message":"Received message:","service":"user-service"}
{"level":"info","message":"Received message:","service":"user-service"}
{"level":"info","message":"Received message:","service":"user-service"}
{"level":"info","message":"Received message:","service":"user-service"}
{"level":"info","message":"Received message:","service":"user-service"}
{"level":"info","message":"Received message:","service":"user-service"}
{"level":"info","message":"Received message:","service":"user-service"}
{"level":"info","message":"A client disconnected","service":"user-service"}
{"level":"info","message":"A client connected","service":"user-service"}
{"level":"info","message":"Received message:","service":"user-service"}
{"level":"info","message":"Received message:","service":"user-service"}
{"level":"info","message":"Received message:","service":"user-service"}
{"level":"info","message":"A client disconnected","service":"user-service"}
{"level":"info","message":"A client connected","service":"user-service"}
{"level":"info","message":"Received message:","service":"user-service"}
{"level":"info","message":"Received message:","service":"user-service"}
{"level":"info","message":"A client disconnected","service":"user-service"}
{"level":"info","message":"Server is running on port 3001","service":"user-service"}
{"level":"info","message":"A client connected","service":"user-service"}
{"level":"info","message":"A client disconnected","service":"user-service"}
{"level":"info","message":"A client connected","service":"user-service"}
{"level":"info","message":"Received message:","service":"user-service"}
{"level":"info","message":"Received message:","service":"user-service"}
{"level":"info","message":"Received message:","service":"user-service"}
{"level":"info","message":"A client disconnected","service":"user-service"}
{"level":"info","message":"Server is running on port 3001"}
{"level":"info","message":"A client connected"}
{"level":"info","message":"Received message:"}
{"level":"info","message":"Received message:"}
{"level":"info","message":"Received message:"}
{"level":"info","message":"Received message:"}
{"level":"info","message":"Received message:"}
{"level":"info","message":"Received message:"}
{"level":"info","message":"Received message:"}
{"level":"info","message":"Received message:"}
{"level":"info","message":"Received message:"}
{"level":"info","message":"Received message:"}
{"level":"info","message":"Received message:"}
{"level":"info","message":"Received message:"}
{"level":"info","message":"Received message:"}
{"level":"info","message":"Received message:"}
{"level":"info","message":"Received message:"}
{"level":"info","message":"A client disconnected"}
{"level":"info","message":"Server is running on port 3001"}
{"level":"info","message":"A client connected with socket id HMjSHTVxtH8T6Rn5AAAB"}
{"level":"info","message":"Received message:test message"}
{"level":"info","message":"Client with socket id HMjSHTVxtH8T6Rn5AAAB id disconnected"}
{"level":"info","message":"A client connected with socket id Km4b6Itb4VDyCVYaAAAD"}
{"level":"info","message":"Client with socket id Km4b6Itb4VDyCVYaAAAD id disconnected"}
{"level":"info","message":"Server is running on port 3001"}
{"level":"info","message":"Client connected with socket id lVDzGh5DRFlHtkr1AAAB"}
{"level":"info","message":"Received message:test message"}
{"level":"info","message":"Client with socket id lVDzGh5DRFlHtkr1AAAB is disconnected"}
{"level":"info","message":"Client connected with socket id FKJ6FraOfepDrAAsAAAD"}
{"level":"info","message":"Client with socket id FKJ6FraOfepDrAAsAAAD is disconnected"}
{"level":"info","message":"Client connected with socket id eIJrK34GZbqMpCfiAAAF"}
{"level":"info","message":"Client with socket id eIJrK34GZbqMpCfiAAAF is disconnected"}
{"level":"info","message":"Client connected with socket id 9ajxcameVywuK0QsAAAH"}
{"level":"info","message":"Client with socket id 9ajxcameVywuK0QsAAAH asked to login"}
{"level":"info","message":"Server is running on port 3001"}
{"level":"info","message":"Client connected with socket id KvK4AIAJj9IczHsVAAAB"}
{"level":"info","message":"Client with socket id KvK4AIAJj9IczHsVAAAB asked to login"}
{"level":"info","message":"Server is running on port 3001"}
{"level":"info","message":"Client connected with socket id v_GIFpY1qOVij7bzAAAB"}
{"level":"info","message":"Client with socket id v_GIFpY1qOVij7bzAAAB asked to login"}
{"level":"error","message":"Error occured when v_GIFpY1qOVij7bzAAAB asked to login: Error: Inconsistent Group Order and Group Modulus"}
{"level":"info","message":"Client with socket id v_GIFpY1qOVij7bzAAAB is disconnected"}
{"level":"info","message":"Client connected with socket id ntRrcdA3iwaYcdPhAAAD"}
{"level":"info","message":"Client with socket id ntRrcdA3iwaYcdPhAAAD asked to login"}
{"level":"error","message":"Error occured when ntRrcdA3iwaYcdPhAAAD asked to login: Error: Inconsistent Group Order and Group Modulus"}
{"level":"info","message":"Client with socket id ntRrcdA3iwaYcdPhAAAD is disconnected"}
{"level":"info","message":"Client connected with socket id nbPrOcwtc9U_rXvUAAAF"}
{"level":"info","message":"Client with socket id nbPrOcwtc9U_rXvUAAAF is disconnected"}
{"level":"info","message":"Client connected with socket id 3x8WoKSymJDBYlfkAAAH"}
{"level":"info","message":"Client with socket id 3x8WoKSymJDBYlfkAAAH asked to login"}
{"level":"error","message":"Error occured when 3x8WoKSymJDBYlfkAAAH asked to login: ReferenceError: c1 is not defined"}
{"level":"info","message":"Server is running on port 3001"}
{"level":"info","message":"Client connected with socket id VFpin2O_XWX0qsowAAAB"}
{"level":"info","message":"Client with socket id VFpin2O_XWX0qsowAAAB asked to login"}
{"level":"error","message":"Error occured when VFpin2O_XWX0qsowAAAB asked to login: Error: Engine is not initialized correctly!"}
{"level":"info","message":"Server is running on port 3001"}
{"level":"info","message":"Client connected with socket id 02OSYNxT7PVnBe-6AAAB"}
{"level":"info","message":"Client with socket id 02OSYNxT7PVnBe-6AAAB asked to login"}
{"level":"error","message":"Error occured when 02OSYNxT7PVnBe-6AAAB asked to login: Error: Not supported message type"}
{"level":"info","message":"Server is running on port 3001"}
{"level":"info","message":"Client connected with socket id NKUefx6BMtpU9sMFAAAB"}
{"level":"info","message":"Client with socket id NKUefx6BMtpU9sMFAAAB asked to login"}
{"level":"info","message":"Client with socket id NKUefx6BMtpU9sMFAAAB respond with incorrect authentication"}
{"level":"info","message":"Client with socket id NKUefx6BMtpU9sMFAAAB is disconnected"}
{"level":"info","message":"Client connected with socket id HoxpGThBvmpUc_pnAAAD"}
{"level":"info","message":"Client with socket id HoxpGThBvmpUc_pnAAAD asked to login"}
{"level":"info","message":"Client with socket id HoxpGThBvmpUc_pnAAAD respond with incorrect authentication"}
{"level":"info","message":"Server is running on port 3001"}
{"level":"info","message":"Client connected with socket id wcxAbTI4RhdiEC3xAAAB"}
{"level":"info","message":"Client with socket id wcxAbTI4RhdiEC3xAAAB asked to login"}
{"level":"info","message":"Client with socket id wcxAbTI4RhdiEC3xAAAB respond with incorrect authentication"}
{"level":"info","message":"Server is running on port 3001"}
{"level":"info","message":"Client connected with socket id e-1GBE6xwV35bQxXAAAB"}
{"level":"info","message":"Client with socket id e-1GBE6xwV35bQxXAAAB asked to login"}
{"level":"info","message":"Client with socket id e-1GBE6xwV35bQxXAAAB respond with incorrect authentication"}
{"level":"info","message":"Server is running on port 3001"}
{"level":"info","message":"Client connected with socket id rgWEsb5jpoH2vbMIAAAB"}
{"level":"info","message":"Client with socket id rgWEsb5jpoH2vbMIAAAB asked to login"}
{"level":"info","message":"Client with socket id rgWEsb5jpoH2vbMIAAAB respond with incorrect authentication"}
{"level":"info","message":"Client with socket id rgWEsb5jpoH2vbMIAAAB is disconnected"}
{"level":"info","message":"Client connected with socket id LLxBWOtluC6v4XURAAAD"}
{"level":"info","message":"Client with socket id LLxBWOtluC6v4XURAAAD asked to login"}
{"level":"info","message":"Client with socket id LLxBWOtluC6v4XURAAAD respond with incorrect authentication"}
{"level":"info","message":"Client with socket id LLxBWOtluC6v4XURAAAD is disconnected"}
{"level":"info","message":"Client connected with socket id kGHjXQAYCGJcp8f8AAAF"}
{"level":"info","message":"Client with socket id kGHjXQAYCGJcp8f8AAAF asked to login"}
{"level":"info","message":"Client with socket id kGHjXQAYCGJcp8f8AAAF respond with incorrect authentication"}
{"level":"info","message":"Client with socket id kGHjXQAYCGJcp8f8AAAF is disconnected"}
{"level":"info","message":"Client connected with socket id SQLUaT8HP4qNO_hHAAAH"}
{"level":"info","message":"Client with socket id SQLUaT8HP4qNO_hHAAAH asked to login"}
{"level":"info","message":"Client with socket id SQLUaT8HP4qNO_hHAAAH respond with incorrect authentication"}
{"level":"info","message":"Server is running on port 3001"}
{"level":"info","message":"Client connected with socket id YyZ1KQXjpuW4ZjpTAAAB"}
{"level":"info","message":"Client with socket id YyZ1KQXjpuW4ZjpTAAAB asked to login"}
{"level":"info","message":"Client with socket id YyZ1KQXjpuW4ZjpTAAAB respond with incorrect authentication"}
{"level":"info","message":"Server is running on port 3001"}
{"level":"info","message":"Client connected with socket id CvR7AOgzxK06_5VBAAAB"}
{"level":"info","message":"Client with socket id CvR7AOgzxK06_5VBAAAB asked to login"}
{"level":"info","message":"Client with socket id CvR7AOgzxK06_5VBAAAB is authenticated"}
{"level":"info","message":"Server is running on port 3001"}
{"level":"info","message":"Client connected with socket id wuyVgaoIJB81S-QBAAAB"}
{"level":"info","message":"Client with socket id wuyVgaoIJB81S-QBAAAB asked to login"}
{"level":"info","message":"Client with socket id wuyVgaoIJB81S-QBAAAB is authenticated"}
{"level":"info","message":"Received message:test message"}
{"level":"info","message":"Received message:test message"}
{"level":"info","message":"Received message:test message"}
{"level":"info","message":"Client with socket id wuyVgaoIJB81S-QBAAAB is disconnected"}
{"level":"info","message":"Client connected with socket id sGAHdeV6Q2vi-0HeAAAD"}
{"level":"info","message":"Server is running on port 3001"}
{"level":"info","message":"Client connected with socket id 1or8kA-27aOZ8TmmAAAB"}
{"level":"info","message":"Received message as server: test message"}
{"level":"info","message":"Received message as server: test message"}
{"level":"info","message":"Received message as server: test message"}
